# JRE version: Java(TM) SE Runtime Environment (8.0_73-b02) (build 1.8.0_73-b02)
# Java VM: Java HotSpot(TM) Client VM (25.73-b02 mixed mode linux-x86 )
Heap:
 def new generation   total 29440K, used 0K [0xa4c00000, 0xa6bf0000, 0xaa000000)
  eden space 26176K,   0% used [0xa4c00000, 0xa4c00000, 0xa6590000)
  from space 3264K,   0% used [0xa6590000, 0xa6590000, 0xa68c0000)
  to   space 3264K,   0% used [0xa68c0000, 0xa68c0000, 0xa6bf0000)
 tenured generation   total 65392K, used 49200K [0xaa000000, 0xadfdc000, 0xb4800000)
   the space 65392K,  75% used [0xaa000000, 0xad00c110, 0xad00c200, 0xadfdc000)
 Metaspace       used 7330K, capacity 7774K, committed 7832K, reserved 8496K
GC Heap History (10 events):
Event: 19.878 GC heap after
Heap after GC invocations=388 (full 3):
 def new generation   total 29440K, used 1648K [0xa4c00000, 0xa6bf0000, 0xaa000000)
  eden space 26176K,   0% used [0xa4c00000, 0xa4c00000, 0xa6590000)
  from space 3264K,  50% used [0xa68c0000, 0xa6a5c110, 0xa6bf0000)
  to   space 3264K,   0% used [0xa6590000, 0xa6590000, 0xa68c0000)
 tenured generation   total 65264K, used 65142K [0xaa000000, 0xadfbc000, 0xb4800000)
   the space 65264K,  99% used [0xaa000000, 0xadf9d850, 0xadf9da00, 0xadfbc000)
 Metaspace       used 7330K, capacity 7774K, committed 7832K, reserved 8496K
}
Event: 19.885 GC heap before
{Heap before GC invocations=388 (full 3):
 def new generation   total 29440K, used 26949K [0xa4c00000, 0xa6bf0000, 0xaa000000)
  eden space 26176K,  96% used [0xa4c00000, 0xa64b56c0, 0xa6590000)
  from space 3264K,  50% used [0xa68c0000, 0xa6a5c110, 0xa6bf0000)
  to   space 3264K,   0% used [0xa6590000, 0xa6590000, 0xa68c0000)
 tenured generation   total 65264K, used 65142K [0xaa000000, 0xadfbc000, 0xb4800000)
   the space 65264K,  99% used [0xaa000000, 0xadf9d850, 0xadf9da00, 0xadfbc000)
 Metaspace       used 7330K, capacity 7774K, committed 7832K, reserved 8496K
Event: 19.887 GC heap after
Heap after GC invocations=389 (full 3):
 def new generation   total 29440K, used 1650K [0xa4c00000, 0xa6bf0000, 0xaa000000)
  eden space 26176K,   0% used [0xa4c00000, 0xa4c00000, 0xa6590000)
  from space 3264K,  50% used [0xa6590000, 0xa672c990, 0xa68c0000)
  to   space 3264K,   0% used [0xa68c0000, 0xa68c0000, 0xa6bf0000)
 tenured generation   total 65264K, used 65163K [0xaa000000, 0xadfbc000, 0xb4800000)
   the space 65264K,  99% used [0xaa000000, 0xadfa2d50, 0xadfa2e00, 0xadfbc000)
 Metaspace       used 7330K, capacity 7774K, committed 7832K, reserved 8496K
}
Event: 19.894 GC heap before
{Heap before GC invocations=389 (full 3):
 def new generation   total 29440K, used 26988K [0xa4c00000, 0xa6bf0000, 0xaa000000)
  eden space 26176K,  96% used [0xa4c00000, 0xa64be750, 0xa6590000)
  from space 3264K,  50% used [0xa6590000, 0xa672c990, 0xa68c0000)
  to   space 3264K,   0% used [0xa68c0000, 0xa68c0000, 0xa6bf0000)
 tenured generation   total 65264K, used 65163K [0xaa000000, 0xadfbc000, 0xb4800000)
   the space 65264K,  99% used [0xaa000000, 0xadfa2d50, 0xadfa2e00, 0xadfbc000)
 Metaspace       used 7330K, capacity 7774K, committed 7832K, reserved 8496K
Event: 19.895 GC heap after
Heap after GC invocations=390 (full 3):
 def new generation   total 29440K, used 1652K [0xa4c00000, 0xa6bf0000, 0xaa000000)
  eden space 26176K,   0% used [0xa4c00000, 0xa4c00000, 0xa6590000)
  from space 3264K,  50% used [0xa68c0000, 0xa6a5d210, 0xa6bf0000)
  to   space 3264K,   0% used [0xa6590000, 0xa6590000, 0xa68c0000)
 tenured generation   total 65264K, used 65184K [0xaa000000, 0xadfbc000, 0xb4800000)
   the space 65264K,  99% used [0xaa000000, 0xadfa8250, 0xadfa8400, 0xadfbc000)
 Metaspace       used 7330K, capacity 7774K, committed 7832K, reserved 8496K
}
Event: 19.903 GC heap before
{Heap before GC invocations=390 (full 3):
 def new generation   total 29440K, used 27026K [0xa4c00000, 0xa6bf0000, 0xaa000000)
  eden space 26176K,  96% used [0xa4c00000, 0xa64c77e0, 0xa6590000)
  from space 3264K,  50% used [0xa68c0000, 0xa6a5d210, 0xa6bf0000)
  to   space 3264K,   0% used [0xa6590000, 0xa6590000, 0xa68c0000)
 tenured generation   total 65264K, used 65184K [0xaa000000, 0xadfbc000, 0xb4800000)
   the space 65264K,  99% used [0xaa000000, 0xadfa8250, 0xadfa8400, 0xadfbc000)
 Metaspace       used 7330K, capacity 7774K, committed 7832K, reserved 8496K
Event: 19.904 GC heap after
Heap after GC invocations=391 (full 3):
 def new generation   total 29440K, used 1654K [0xa4c00000, 0xa6bf0000, 0xaa000000)
  eden space 26176K,   0% used [0xa4c00000, 0xa4c00000, 0xa6590000)
  from space 3264K,  50% used [0xa6590000, 0xa672da90, 0xa68c0000)
  to   space 3264K,   0% used [0xa68c0000, 0xa68c0000, 0xa6bf0000)
 tenured generation   total 65264K, used 65205K [0xaa000000, 0xadfbc000, 0xb4800000)
   the space 65264K,  99% used [0xaa000000, 0xadfad750, 0xadfad800, 0xadfbc000)
 Metaspace       used 7330K, capacity 7774K, committed 7832K, reserved 8496K
}
Event: 19.912 GC heap before
{Heap before GC invocations=391 (full 3):
 def new generation   total 29440K, used 27064K [0xa4c00000, 0xa6bf0000, 0xaa000000)
  eden space 26176K,  97% used [0xa4c00000, 0xa64d0870, 0xa6590000)
  from space 3264K,  50% used [0xa6590000, 0xa672da90, 0xa68c0000)
  to   space 3264K,   0% used [0xa68c0000, 0xa68c0000, 0xa6bf0000)
 tenured generation   total 65264K, used 65205K [0xaa000000, 0xadfbc000, 0xb4800000)
   the space 65264K,  99% used [0xaa000000, 0xadfad750, 0xadfad800, 0xadfbc000)
 Metaspace       used 7330K, capacity 7774K, committed 7832K, reserved 8496K
Event: 19.913 GC heap after
Heap after GC invocations=392 (full 3):
 def new generation   total 29440K, used 1635K [0xa4c00000, 0xa6bf0000, 0xaa000000)
  eden space 26176K,   0% used [0xa4c00000, 0xa4c00000, 0xa6590000)
  from space 3264K,  50% used [0xa68c0000, 0xa6a58e10, 0xa6bf0000)
  to   space 3264K,   0% used [0xa6590000, 0xa6590000, 0xa68c0000)
 tenured generation   total 65264K, used 65248K [0xaa000000, 0xadfbc000, 0xb4800000)
   the space 65264K,  99% used [0xaa000000, 0xadfb8150, 0xadfb8200, 0xadfbc000)
 Metaspace       used 7330K, capacity 7774K, committed 7832K, reserved 8496K
}
Event: 19.920 GC heap before
{Heap before GC invocations=392 (full 3):
 def new generation   total 29440K, used 27081K [0xa4c00000, 0xa6bf0000, 0xaa000000)
  eden space 26176K,  97% used [0xa4c00000, 0xa64d98f8, 0xa6590000)
  from space 3264K,  50% used [0xa68c0000, 0xa6a58e10, 0xa6bf0000)
  to   space 3264K,   0% used [0xa6590000, 0xa6590000, 0xa68c0000)
 tenured generation   total 65264K, used 65248K [0xaa000000, 0xadfbc000, 0xb4800000)
   the space 65264K,  99% used [0xaa000000, 0xadfb8150, 0xadfb8200, 0xadfbc000)
 Metaspace       used 7330K, capacity 7774K, committed 7832K, reserved 8496K

