# JRE version: Java(TM) SE Runtime Environment (8.0_73-b02) (build 1.8.0_73-b02)
# Java VM: Java HotSpot(TM) Client VM (25.73-b02 mixed mode linux-x86 )
Heap:
 def new generation   total 29632K, used 0K [0xa4c00000, 0xa6c20000, 0xaa000000)
  eden space 26368K,   0% used [0xa4c00000, 0xa4c00000, 0xa65c0000)
  from space 3264K,   0% used [0xa65c0000, 0xa65c0000, 0xa68f0000)
  to   space 3264K,   0% used [0xa68f0000, 0xa68f0000, 0xa6c20000)
 tenured generation   total 65844K, used 49328K [0xaa000000, 0xae04d000, 0xb4800000)
   the space 65844K,  74% used [0xaa000000, 0xad02c010, 0xad02c200, 0xae04d000)
 Metaspace       used 7273K, capacity 7693K, committed 7832K, reserved 8496K
GC Heap History (10 events):
Event: 9.948 GC heap after
Heap after GC invocations=394 (full 3):
 def new generation   total 29632K, used 1645K [0xa4c00000, 0xa6c20000, 0xaa000000)
  eden space 26368K,   0% used [0xa4c00000, 0xa4c00000, 0xa65c0000)
  from space 3264K,  50% used [0xa68f0000, 0xa6a8b448, 0xa6c20000)
  to   space 3264K,   0% used [0xa65c0000, 0xa65c0000, 0xa68f0000)
 tenured generation   total 65716K, used 65590K [0xaa000000, 0xae02d000, 0xb4800000)
   the space 65716K,  99% used [0xaa000000, 0xae00dbc8, 0xae00dc00, 0xae02d000)
 Metaspace       used 7273K, capacity 7693K, committed 7832K, reserved 8496K
}
Event: 9.956 GC heap before
{Heap before GC invocations=394 (full 3):
 def new generation   total 29632K, used 27256K [0xa4c00000, 0xa6c20000, 0xaa000000)
  eden space 26368K,  97% used [0xa4c00000, 0xa6502e00, 0xa65c0000)
  from space 3264K,  50% used [0xa68f0000, 0xa6a8b448, 0xa6c20000)
  to   space 3264K,   0% used [0xa65c0000, 0xa65c0000, 0xa68f0000)
 tenured generation   total 65716K, used 65590K [0xaa000000, 0xae02d000, 0xb4800000)
   the space 65716K,  99% used [0xaa000000, 0xae00dbc8, 0xae00dc00, 0xae02d000)
 Metaspace       used 7273K, capacity 7693K, committed 7832K, reserved 8496K
Event: 9.957 GC heap after
Heap after GC invocations=395 (full 3):
 def new generation   total 29632K, used 1647K [0xa4c00000, 0xa6c20000, 0xaa000000)
  eden space 26368K,   0% used [0xa4c00000, 0xa4c00000, 0xa65c0000)
  from space 3264K,  50% used [0xa65c0000, 0xa675bc90, 0xa68f0000)
  to   space 3264K,   0% used [0xa68f0000, 0xa68f0000, 0xa6c20000)
 tenured generation   total 65716K, used 65612K [0xaa000000, 0xae02d000, 0xb4800000)
   the space 65716K,  99% used [0xaa000000, 0xae013100, 0xae013200, 0xae02d000)
 Metaspace       used 7273K, capacity 7693K, committed 7832K, reserved 8496K
}
Event: 9.965 GC heap before
{Heap before GC invocations=395 (full 3):
 def new generation   total 29632K, used 27294K [0xa4c00000, 0xa6c20000, 0xaa000000)
  eden space 26368K,  97% used [0xa4c00000, 0xa650be90, 0xa65c0000)
  from space 3264K,  50% used [0xa65c0000, 0xa675bc90, 0xa68f0000)
  to   space 3264K,   0% used [0xa68f0000, 0xa68f0000, 0xa6c20000)
 tenured generation   total 65716K, used 65612K [0xaa000000, 0xae02d000, 0xb4800000)
   the space 65716K,  99% used [0xaa000000, 0xae013100, 0xae013200, 0xae02d000)
 Metaspace       used 7273K, capacity 7693K, committed 7832K, reserved 8496K
Event: 9.967 GC heap after
Heap after GC invocations=396 (full 3):
 def new generation   total 29632K, used 1649K [0xa4c00000, 0xa6c20000, 0xaa000000)
  eden space 26368K,   0% used [0xa4c00000, 0xa4c00000, 0xa65c0000)
  from space 3264K,  50% used [0xa68f0000, 0xa6a8c510, 0xa6c20000)
  to   space 3264K,   0% used [0xa65c0000, 0xa65c0000, 0xa68f0000)
 tenured generation   total 65716K, used 65633K [0xaa000000, 0xae02d000, 0xb4800000)
   the space 65716K,  99% used [0xaa000000, 0xae018600, 0xae018600, 0xae02d000)
 Metaspace       used 7273K, capacity 7693K, committed 7832K, reserved 8496K
}
Event: 9.974 GC heap before
{Heap before GC invocations=396 (full 3):
 def new generation   total 29632K, used 27333K [0xa4c00000, 0xa6c20000, 0xaa000000)
  eden space 26368K,  97% used [0xa4c00000, 0xa6514f20, 0xa65c0000)
  from space 3264K,  50% used [0xa68f0000, 0xa6a8c510, 0xa6c20000)
  to   space 3264K,   0% used [0xa65c0000, 0xa65c0000, 0xa68f0000)
 tenured generation   total 65716K, used 65633K [0xaa000000, 0xae02d000, 0xb4800000)
   the space 65716K,  99% used [0xaa000000, 0xae018600, 0xae018600, 0xae02d000)
 Metaspace       used 7273K, capacity 7693K, committed 7832K, reserved 8496K
Event: 9.975 GC heap after
Heap after GC invocations=397 (full 3):
 def new generation   total 29632K, used 1651K [0xa4c00000, 0xa6c20000, 0xaa000000)
  eden space 26368K,   0% used [0xa4c00000, 0xa4c00000, 0xa65c0000)
  from space 3264K,  50% used [0xa65c0000, 0xa675cd90, 0xa68f0000)
  to   space 3264K,   0% used [0xa68f0000, 0xa68f0000, 0xa6c20000)
 tenured generation   total 65716K, used 65654K [0xaa000000, 0xae02d000, 0xb4800000)
   the space 65716K,  99% used [0xaa000000, 0xae01db00, 0xae01dc00, 0xae02d000)
 Metaspace       used 7273K, capacity 7693K, committed 7832K, reserved 8496K
}
Event: 9.984 GC heap before
{Heap before GC invocations=397 (full 3):
 def new generation   total 29632K, used 27371K [0xa4c00000, 0xa6c20000, 0xaa000000)
  eden space 26368K,  97% used [0xa4c00000, 0xa651dfa8, 0xa65c0000)
  from space 3264K,  50% used [0xa65c0000, 0xa675cd90, 0xa68f0000)
  to   space 3264K,   0% used [0xa68f0000, 0xa68f0000, 0xa6c20000)
 tenured generation   total 65716K, used 65654K [0xaa000000, 0xae02d000, 0xb4800000)
   the space 65716K,  99% used [0xaa000000, 0xae01db00, 0xae01dc00, 0xae02d000)
 Metaspace       used 7273K, capacity 7693K, committed 7832K, reserved 8496K
Event: 9.985 GC heap after
Heap after GC invocations=398 (full 3):
 def new generation   total 29632K, used 1653K [0xa4c00000, 0xa6c20000, 0xaa000000)
  eden space 26368K,   0% used [0xa4c00000, 0xa4c00000, 0xa65c0000)
  from space 3264K,  50% used [0xa68f0000, 0xa6a8d610, 0xa6c20000)
  to   space 3264K,   0% used [0xa65c0000, 0xa65c0000, 0xa68f0000)
 tenured generation   total 65716K, used 65676K [0xaa000000, 0xae02d000, 0xb4800000)
   the space 65716K,  99% used [0xaa000000, 0xae023000, 0xae023000, 0xae02d000)
 Metaspace       used 7273K, capacity 7693K, committed 7832K, reserved 8496K
}
Event: 9.993 GC heap before
{Heap before GC invocations=398 (full 3):
 def new generation   total 29632K, used 27409K [0xa4c00000, 0xa6c20000, 0xaa000000)
  eden space 26368K,  97% used [0xa4c00000, 0xa6527038, 0xa65c0000)
  from space 3264K,  50% used [0xa68f0000, 0xa6a8d610, 0xa6c20000)
  to   space 3264K,   0% used [0xa65c0000, 0xa65c0000, 0xa68f0000)
 tenured generation   total 65716K, used 65676K [0xaa000000, 0xae02d000, 0xb4800000)
   the space 65716K,  99% used [0xaa000000, 0xae023000, 0xae023000, 0xae02d000)
 Metaspace       used 7273K, capacity 7693K, committed 7832K, reserved 8496K

